Determining if the pthread_create exist failed with the following output:
Change Dir: /home/firefly/chh_ws/src/rcdpr/worlds/plugins/build/CMakeFiles/CMakeTmp

Run Build Command:"/usr/bin/make" "cmTC_dfcae/fast"
/usr/bin/make -f CMakeFiles/cmTC_dfcae.dir/build.make CMakeFiles/cmTC_dfcae.dir/build
make[1]: 进入目录“/home/firefly/chh_ws/src/rcdpr/worlds/plugins/build/CMakeFiles/CMakeTmp”
Building C object CMakeFiles/cmTC_dfcae.dir/CheckSymbolExists.c.o
/usr/lib/ccache/cc    -o CMakeFiles/cmTC_dfcae.dir/CheckSymbolExists.c.o   -c /home/firefly/chh_ws/src/rcdpr/worlds/plugins/build/CMakeFiles/CMakeTmp/CheckSymbolExists.c
Linking C executable cmTC_dfcae
/usr/bin/cmake -E cmake_link_script CMakeFiles/cmTC_dfcae.dir/link.txt --verbose=1
/usr/lib/ccache/cc      -rdynamic CMakeFiles/cmTC_dfcae.dir/CheckSymbolExists.c.o  -o cmTC_dfcae 
CMakeFiles/cmTC_dfcae.dir/CheckSymbolExists.c.o：在函数‘main’中：
CheckSymbolExists.c:(.text+0x1b)：对‘pthread_create’未定义的引用
collect2: error: ld returned 1 exit status
CMakeFiles/cmTC_dfcae.dir/build.make:97: recipe for target 'cmTC_dfcae' failed
make[1]: *** [cmTC_dfcae] Error 1
make[1]: 离开目录“/home/firefly/chh_ws/src/rcdpr/worlds/plugins/build/CMakeFiles/CMakeTmp”
Makefile:126: recipe for target 'cmTC_dfcae/fast' failed
make: *** [cmTC_dfcae/fast] Error 2

File /home/firefly/chh_ws/src/rcdpr/worlds/plugins/build/CMakeFiles/CMakeTmp/CheckSymbolExists.c:
/* */
#include <pthread.h>

int main(int argc, char** argv)
{
  (void)argv;
#ifndef pthread_create
  return ((int*)(&pthread_create))[argc];
#else
  (void)argc;
  return 0;
#endif
}

Determining if the function pthread_create exists in the pthreads failed with the following output:
Change Dir: /home/firefly/chh_ws/src/rcdpr/worlds/plugins/build/CMakeFiles/CMakeTmp

Run Build Command:"/usr/bin/make" "cmTC_196d7/fast"
/usr/bin/make -f CMakeFiles/cmTC_196d7.dir/build.make CMakeFiles/cmTC_196d7.dir/build
make[1]: 进入目录“/home/firefly/chh_ws/src/rcdpr/worlds/plugins/build/CMakeFiles/CMakeTmp”
Building C object CMakeFiles/cmTC_196d7.dir/CheckFunctionExists.c.o
/usr/lib/ccache/cc   -DCHECK_FUNCTION_EXISTS=pthread_create   -o CMakeFiles/cmTC_196d7.dir/CheckFunctionExists.c.o   -c /usr/share/cmake-3.10/Modules/CheckFunctionExists.c
Linking C executable cmTC_196d7
/usr/bin/cmake -E cmake_link_script CMakeFiles/cmTC_196d7.dir/link.txt --verbose=1
/usr/lib/ccache/cc  -DCHECK_FUNCTION_EXISTS=pthread_create    -rdynamic CMakeFiles/cmTC_196d7.dir/CheckFunctionExists.c.o  -o cmTC_196d7 -lpthreads 
/usr/bin/ld: 找不到 -lpthreads
collect2: error: ld returned 1 exit status
CMakeFiles/cmTC_196d7.dir/build.make:97: recipe for target 'cmTC_196d7' failed
make[1]: *** [cmTC_196d7] Error 1
make[1]: 离开目录“/home/firefly/chh_ws/src/rcdpr/worlds/plugins/build/CMakeFiles/CMakeTmp”
Makefile:126: recipe for target 'cmTC_196d7/fast' failed
make: *** [cmTC_196d7/fast] Error 2


